<?xml version="1.0" encoding="UTF-8"?>
<!-- Generated by org.testng.reporters.JUnitReportReporter -->
<testsuite skipped="19" hostname="DESKTOP-QB4TMP3" name="TaxPayerTestNG.positiveTest" tests="20" failures="0" timestamp="03 Apr 2018 11:34:10 GMT" time="2.943" errors="1">
  <testcase name="landing_page_cari_NOP" time="0.000" classname="TaxPayerTestNG.positiveTest">
    <skipped/>
  </testcase> <!-- landing_page_cari_NOP -->
  <testcase name="launch_browser" time="2.943" classname="TaxPayerTestNG.positiveTest">
    <error type="org.openqa.selenium.WebDriverException" message="unknown error: cannot determine loading status
from disconnected: received Inspector.detached event
  (Session info: chrome=65.0.3325.181)
  (Driver info: chromedriver=2.37.544315 (730aa6a5fdba159ac9f4c1e8cbc59bf1b5ce12b7),platform=Windows NT 10.0.16299 x86_64) (WARNING: The server did not provide any stacktrace information)
Command duration or timeout: 0 milliseconds
Build info: version: &#039;3.9.1&#039;, revision: &#039;63f7b50&#039;, time: &#039;2018-02-07T22:42:22.379Z&#039;
System info: host: &#039;DESKTOP-QB4TMP3&#039;, ip: &#039;192.168.56.1&#039;, os.name: &#039;Windows 10&#039;, os.arch: &#039;amd64&#039;, os.version: &#039;10.0&#039;, java.version: &#039;1.8.0_161&#039;
Driver info: org.openqa.selenium.chrome.ChromeDriver
Capabilities {acceptInsecureCerts: false, acceptSslCerts: false, applicationCacheEnabled: false, browserConnectionEnabled: false, browserName: chrome, chrome: {chromedriverVersion: 2.37.544315 (730aa6a5fdba15..., userDataDir: C:\Users\pc\AppData\Local\T...}, cssSelectorsEnabled: true, databaseEnabled: false, handlesAlerts: true, hasTouchScreen: false, javascriptEnabled: true, locationContextEnabled: true, mobileEmulationEnabled: false, nativeEvents: true, networkConnectionEnabled: false, pageLoadStrategy: normal, platform: XP, platformName: XP, rotatable: false, setWindowRect: true, takesHeapSnapshot: true, takesScreenshot: true, unexpectedAlertBehaviour: , unhandledPromptBehavior: , version: 65.0.3325.181, webStorageEnabled: true}
Session ID: cb79730820635190e5f939623c1a74c0">
      <![CDATA[org.openqa.selenium.WebDriverException: unknown error: cannot determine loading status
from disconnected: received Inspector.detached event
  (Session info: chrome=65.0.3325.181)
  (Driver info: chromedriver=2.37.544315 (730aa6a5fdba159ac9f4c1e8cbc59bf1b5ce12b7),platform=Windows NT 10.0.16299 x86_64) (WARNING: The server did not provide any stacktrace information)
Command duration or timeout: 0 milliseconds
Build info: version: '3.9.1', revision: '63f7b50', time: '2018-02-07T22:42:22.379Z'
System info: host: 'DESKTOP-QB4TMP3', ip: '192.168.56.1', os.name: 'Windows 10', os.arch: 'amd64', os.version: '10.0', java.version: '1.8.0_161'
Driver info: org.openqa.selenium.chrome.ChromeDriver
Capabilities {acceptInsecureCerts: false, acceptSslCerts: false, applicationCacheEnabled: false, browserConnectionEnabled: false, browserName: chrome, chrome: {chromedriverVersion: 2.37.544315 (730aa6a5fdba15..., userDataDir: C:\Users\pc\AppData\Local\T...}, cssSelectorsEnabled: true, databaseEnabled: false, handlesAlerts: true, hasTouchScreen: false, javascriptEnabled: true, locationContextEnabled: true, mobileEmulationEnabled: false, nativeEvents: true, networkConnectionEnabled: false, pageLoadStrategy: normal, platform: XP, platformName: XP, rotatable: false, setWindowRect: true, takesHeapSnapshot: true, takesScreenshot: true, unexpectedAlertBehaviour: , unhandledPromptBehavior: , version: 65.0.3325.181, webStorageEnabled: true}
Session ID: cb79730820635190e5f939623c1a74c0
at sun.reflect.NativeConstructorAccessorImpl.newInstance0(Native Method)
at sun.reflect.NativeConstructorAccessorImpl.newInstance(Unknown Source)
at sun.reflect.DelegatingConstructorAccessorImpl.newInstance(Unknown Source)
at java.lang.reflect.Constructor.newInstance(Unknown Source)
at org.openqa.selenium.remote.ErrorHandler.createThrowable(ErrorHandler.java:214)
at org.openqa.selenium.remote.ErrorHandler.throwIfResponseFailed(ErrorHandler.java:166)
at org.openqa.selenium.remote.http.JsonHttpResponseCodec.reconstructValue(JsonHttpResponseCodec.java:40)
at org.openqa.selenium.remote.http.AbstractHttpResponseCodec.decode(AbstractHttpResponseCodec.java:80)
at org.openqa.selenium.remote.http.AbstractHttpResponseCodec.decode(AbstractHttpResponseCodec.java:44)
at org.openqa.selenium.remote.HttpCommandExecutor.execute(HttpCommandExecutor.java:160)
at org.openqa.selenium.remote.service.DriverCommandExecutor.execute(DriverCommandExecutor.java:83)
at org.openqa.selenium.remote.RemoteWebDriver.execute(RemoteWebDriver.java:601)
at org.openqa.selenium.remote.RemoteWebDriver.get(RemoteWebDriver.java:325)
at TaxPayerTestNG.positiveTest.launch_browser(positiveTest.java:146)
at sun.reflect.NativeMethodAccessorImpl.invoke0(Native Method)
at sun.reflect.NativeMethodAccessorImpl.invoke(Unknown Source)
at sun.reflect.DelegatingMethodAccessorImpl.invoke(Unknown Source)
at java.lang.reflect.Method.invoke(Unknown Source)
at org.testng.internal.MethodInvocationHelper.invokeMethod(MethodInvocationHelper.java:124)
at org.testng.internal.MethodInvocationHelper.invokeMethodConsideringTimeout(MethodInvocationHelper.java:59)
at org.testng.internal.Invoker.invokeConfigurationMethod(Invoker.java:455)
at org.testng.internal.Invoker.invokeConfigurations(Invoker.java:222)
at org.testng.internal.Invoker.invokeConfigurations(Invoker.java:142)
at org.testng.TestRunner.beforeRun(TestRunner.java:529)
at org.testng.TestRunner.run(TestRunner.java:497)
at org.testng.SuiteRunner.runTest(SuiteRunner.java:455)
at org.testng.SuiteRunner.runSequentially(SuiteRunner.java:450)
at org.testng.SuiteRunner.privateRun(SuiteRunner.java:415)
at org.testng.SuiteRunner.run(SuiteRunner.java:364)
at org.testng.SuiteRunnerWorker.runSuite(SuiteRunnerWorker.java:52)
at org.testng.SuiteRunnerWorker.run(SuiteRunnerWorker.java:84)
at org.testng.TestNG.runSuitesSequentially(TestNG.java:1208)
at org.testng.TestNG.runSuitesLocally(TestNG.java:1137)
at org.testng.TestNG.runSuites(TestNG.java:1049)
at org.testng.TestNG.run(TestNG.java:1017)
at org.testng.TestNG.privateMain(TestNG.java:1354)
at org.testng.TestNG.main(TestNG.java:1323)
]]>
    </error>
  </testcase> <!-- launch_browser -->
  <testcase name="landing_page_to_login" time="0.000" classname="TaxPayerTestNG.positiveTest">
    <skipped/>
  </testcase> <!-- landing_page_to_login -->
  <testcase name="login_to_regis" time="0.000" classname="TaxPayerTestNG.positiveTest">
    <skipped/>
  </testcase> <!-- login_to_regis -->
  <testcase name="regis_success" time="0.000" classname="TaxPayerTestNG.positiveTest">
    <skipped/>
  </testcase> <!-- regis_success -->
  <testcase name="regis_to_login" time="0.000" classname="TaxPayerTestNG.positiveTest">
    <skipped/>
  </testcase> <!-- regis_to_login -->
  <testcase name="login_success" time="0.000" classname="TaxPayerTestNG.positiveTest">
    <skipped/>
  </testcase> <!-- login_success -->
  <testcase name="logout_success" time="0.000" classname="TaxPayerTestNG.positiveTest">
    <skipped/>
  </testcase> <!-- logout_success -->
  <testcase name="login_to_lupa" time="0.000" classname="TaxPayerTestNG.positiveTest">
    <skipped/>
  </testcase> <!-- login_to_lupa -->
  <testcase name="lupa_to_login" time="0.000" classname="TaxPayerTestNG.positiveTest">
    <skipped/>
  </testcase> <!-- lupa_to_login -->
  <testcase name="rememberMe_email" time="0.000" classname="TaxPayerTestNG.positiveTest">
    <skipped/>
  </testcase> <!-- rememberMe_email -->
  <testcase name="rememberMe_pw" time="0.000" classname="TaxPayerTestNG.positiveTest">
    <skipped/>
  </testcase> <!-- rememberMe_pw -->
  <testcase name="go_to_profil" time="0.000" classname="TaxPayerTestNG.positiveTest">
    <skipped/>
  </testcase> <!-- go_to_profil -->
  <testcase name="tab_change_password" time="0.000" classname="TaxPayerTestNG.positiveTest">
    <skipped/>
  </testcase> <!-- tab_change_password -->
  <testcase name="tab_data_NPWPD" time="0.000" classname="TaxPayerTestNG.positiveTest">
    <skipped/>
  </testcase> <!-- tab_data_NPWPD -->
  <testcase name="tab_user_info" time="0.000" classname="TaxPayerTestNG.positiveTest">
    <skipped/>
  </testcase> <!-- tab_user_info -->
  <testcase name="fill_out_user_info_individu" time="0.000" classname="TaxPayerTestNG.positiveTest">
    <skipped/>
  </testcase> <!-- fill_out_user_info_individu -->
  <testcase name="fill_out_user_info_bu" time="0.000" classname="TaxPayerTestNG.positiveTest">
    <skipped/>
  </testcase> <!-- fill_out_user_info_bu -->
  <testcase name="change_pw" time="0.000" classname="TaxPayerTestNG.positiveTest">
    <skipped/>
  </testcase> <!-- change_pw -->
  <testcase name="login_new_pw" time="0.000" classname="TaxPayerTestNG.positiveTest">
    <skipped/>
  </testcase> <!-- login_new_pw -->
</testsuite> <!-- TaxPayerTestNG.positiveTest -->
