<?xml version="1.0" encoding="UTF-8"?>
<!-- Generated by org.testng.reporters.JUnitXMLReporter -->
<testsuite hostname="DESKTOP-QB4TMP3" ignored="0" name="Test" tests="19" failures="0" timestamp="03 Apr 2018 11:34:10 GMT" time="3.011" errors="0">
  <testcase name="@BeforeTest launch_browser" time="2.943" classname="TaxPayerTestNG.positiveTest">
    <failure type="org.openqa.selenium.WebDriverException" message="unknown error: cannot determine loading status
from disconnected: received Inspector.detached event
  (Session info: chrome=65.0.3325.181)
  (Driver info: chromedriver=2.37.544315 (730aa6a5fdba159ac9f4c1e8cbc59bf1b5ce12b7),platform=Windows NT 10.0.16299 x86_64) (WARNING: The server did not provide any stacktrace information)
Command duration or timeout: 0 milliseconds
Build info: version: &amp;apos;3.9.1&amp;apos;, revision: &amp;apos;63f7b50&amp;apos;, time: &amp;apos;2018-02-07T22:42:22.379Z&amp;apos;
System info: host: &amp;apos;DESKTOP-QB4TMP3&amp;apos;, ip: &amp;apos;192.168.56.1&amp;apos;, os.name: &amp;apos;Windows 10&amp;apos;, os.arch: &amp;apos;amd64&amp;apos;, os.version: &amp;apos;10.0&amp;apos;, java.version: &amp;apos;1.8.0_161&amp;apos;
Driver info: org.openqa.selenium.chrome.ChromeDriver
Capabilities {acceptInsecureCerts: false, acceptSslCerts: false, applicationCacheEnabled: false, browserConnectionEnabled: false, browserName: chrome, chrome: {chromedriverVersion: 2.37.544315 (730aa6a5fdba15..., userDataDir: C:\Users\pc\AppData\Local\T...}, cssSelectorsEnabled: true, databaseEnabled: false, handlesAlerts: true, hasTouchScreen: false, javascriptEnabled: true, locationContextEnabled: true, mobileEmulationEnabled: false, nativeEvents: true, networkConnectionEnabled: false, pageLoadStrategy: normal, platform: XP, platformName: XP, rotatable: false, setWindowRect: true, takesHeapSnapshot: true, takesScreenshot: true, unexpectedAlertBehaviour: , unhandledPromptBehavior: , version: 65.0.3325.181, webStorageEnabled: true}
Session ID: cb79730820635190e5f939623c1a74c0">
      <![CDATA[org.openqa.selenium.WebDriverException: unknown error: cannot determine loading status
from disconnected: received Inspector.detached event
  (Session info: chrome=65.0.3325.181)
  (Driver info: chromedriver=2.37.544315 (730aa6a5fdba159ac9f4c1e8cbc59bf1b5ce12b7),platform=Windows NT 10.0.16299 x86_64) (WARNING: The server did not provide any stacktrace information)
Command duration or timeout: 0 milliseconds
Build info: version: '3.9.1', revision: '63f7b50', time: '2018-02-07T22:42:22.379Z'
System info: host: 'DESKTOP-QB4TMP3', ip: '192.168.56.1', os.name: 'Windows 10', os.arch: 'amd64', os.version: '10.0', java.version: '1.8.0_161'
Driver info: org.openqa.selenium.chrome.ChromeDriver
Capabilities {acceptInsecureCerts: false, acceptSslCerts: false, applicationCacheEnabled: false, browserConnectionEnabled: false, browserName: chrome, chrome: {chromedriverVersion: 2.37.544315 (730aa6a5fdba15..., userDataDir: C:\Users\pc\AppData\Local\T...}, cssSelectorsEnabled: true, databaseEnabled: false, handlesAlerts: true, hasTouchScreen: false, javascriptEnabled: true, locationContextEnabled: true, mobileEmulationEnabled: false, nativeEvents: true, networkConnectionEnabled: false, pageLoadStrategy: normal, platform: XP, platformName: XP, rotatable: false, setWindowRect: true, takesHeapSnapshot: true, takesScreenshot: true, unexpectedAlertBehaviour: , unhandledPromptBehavior: , version: 65.0.3325.181, webStorageEnabled: true}
Session ID: cb79730820635190e5f939623c1a74c0
at org.openqa.selenium.remote.ErrorHandler.createThrowable(ErrorHandler.java:214)
at org.openqa.selenium.remote.ErrorHandler.throwIfResponseFailed(ErrorHandler.java:166)
at org.openqa.selenium.remote.http.JsonHttpResponseCodec.reconstructValue(JsonHttpResponseCodec.java:40)
at org.openqa.selenium.remote.http.AbstractHttpResponseCodec.decode(AbstractHttpResponseCodec.java:80)
at org.openqa.selenium.remote.http.AbstractHttpResponseCodec.decode(AbstractHttpResponseCodec.java:44)
at org.openqa.selenium.remote.HttpCommandExecutor.execute(HttpCommandExecutor.java:160)
at org.openqa.selenium.remote.service.DriverCommandExecutor.execute(DriverCommandExecutor.java:83)
at org.openqa.selenium.remote.RemoteWebDriver.execute(RemoteWebDriver.java:601)
at org.openqa.selenium.remote.RemoteWebDriver.get(RemoteWebDriver.java:325)
at TaxPayerTestNG.positiveTest.launch_browser(positiveTest.java:146)
... Removed 27 stack frames]]>
    </failure>
  </testcase> <!-- @BeforeTest launch_browser -->
  <testcase name="@AfterMethod screenshot" time="0.0" classname="TaxPayerTestNG.positiveTest">
    <skipped/>
  </testcase> <!-- @AfterMethod screenshot -->
  <testcase name="@AfterMethod screenshot" time="0.0" classname="TaxPayerTestNG.positiveTest">
    <skipped/>
  </testcase> <!-- @AfterMethod screenshot -->
  <testcase name="@AfterMethod screenshot" time="0.0" classname="TaxPayerTestNG.positiveTest">
    <skipped/>
  </testcase> <!-- @AfterMethod screenshot -->
  <testcase name="@AfterMethod screenshot" time="0.0" classname="TaxPayerTestNG.positiveTest">
    <skipped/>
  </testcase> <!-- @AfterMethod screenshot -->
  <testcase name="@AfterMethod screenshot" time="0.0" classname="TaxPayerTestNG.positiveTest">
    <skipped/>
  </testcase> <!-- @AfterMethod screenshot -->
  <testcase name="@AfterMethod screenshot" time="0.0" classname="TaxPayerTestNG.positiveTest">
    <skipped/>
  </testcase> <!-- @AfterMethod screenshot -->
  <testcase name="@AfterMethod screenshot" time="0.0" classname="TaxPayerTestNG.positiveTest">
    <skipped/>
  </testcase> <!-- @AfterMethod screenshot -->
  <testcase name="@AfterMethod screenshot" time="0.0" classname="TaxPayerTestNG.positiveTest">
    <skipped/>
  </testcase> <!-- @AfterMethod screenshot -->
  <testcase name="@AfterMethod screenshot" time="0.0" classname="TaxPayerTestNG.positiveTest">
    <skipped/>
  </testcase> <!-- @AfterMethod screenshot -->
  <testcase name="@AfterMethod screenshot" time="0.0" classname="TaxPayerTestNG.positiveTest">
    <skipped/>
  </testcase> <!-- @AfterMethod screenshot -->
  <testcase name="@AfterMethod screenshot" time="0.0" classname="TaxPayerTestNG.positiveTest">
    <skipped/>
  </testcase> <!-- @AfterMethod screenshot -->
  <testcase name="@AfterMethod screenshot" time="0.0" classname="TaxPayerTestNG.positiveTest">
    <skipped/>
  </testcase> <!-- @AfterMethod screenshot -->
  <testcase name="@AfterMethod screenshot" time="0.0" classname="TaxPayerTestNG.positiveTest">
    <skipped/>
  </testcase> <!-- @AfterMethod screenshot -->
  <testcase name="@AfterMethod screenshot" time="0.0" classname="TaxPayerTestNG.positiveTest">
    <skipped/>
  </testcase> <!-- @AfterMethod screenshot -->
  <testcase name="@AfterMethod screenshot" time="0.0" classname="TaxPayerTestNG.positiveTest">
    <skipped/>
  </testcase> <!-- @AfterMethod screenshot -->
  <testcase name="@AfterMethod screenshot" time="0.0" classname="TaxPayerTestNG.positiveTest">
    <skipped/>
  </testcase> <!-- @AfterMethod screenshot -->
  <testcase name="@AfterMethod screenshot" time="0.0" classname="TaxPayerTestNG.positiveTest">
    <skipped/>
  </testcase> <!-- @AfterMethod screenshot -->
  <testcase name="@AfterMethod screenshot" time="0.0" classname="TaxPayerTestNG.positiveTest">
    <skipped/>
  </testcase> <!-- @AfterMethod screenshot -->
  <testcase name="@AfterMethod screenshot" time="0.0" classname="TaxPayerTestNG.positiveTest">
    <skipped/>
  </testcase> <!-- @AfterMethod screenshot -->
  <testcase name="@AfterTest quit_browser" time="0.0" classname="TaxPayerTestNG.positiveTest">
    <skipped/>
  </testcase> <!-- @AfterTest quit_browser -->
  <testcase name="landing_page_cari_NOP" time="0.0" classname="TaxPayerTestNG.positiveTest">
    <skipped/>
  </testcase> <!-- landing_page_cari_NOP -->
  <testcase name="landing_page_to_login" time="0.0" classname="TaxPayerTestNG.positiveTest">
    <skipped/>
  </testcase> <!-- landing_page_to_login -->
  <testcase name="login_to_regis" time="0.0" classname="TaxPayerTestNG.positiveTest">
    <skipped/>
  </testcase> <!-- login_to_regis -->
  <testcase name="regis_success" time="0.0" classname="TaxPayerTestNG.positiveTest">
    <skipped/>
  </testcase> <!-- regis_success -->
  <testcase name="regis_to_login" time="0.0" classname="TaxPayerTestNG.positiveTest">
    <skipped/>
  </testcase> <!-- regis_to_login -->
  <testcase name="login_success" time="0.0" classname="TaxPayerTestNG.positiveTest">
    <skipped/>
  </testcase> <!-- login_success -->
  <testcase name="logout_success" time="0.0" classname="TaxPayerTestNG.positiveTest">
    <skipped/>
  </testcase> <!-- logout_success -->
  <testcase name="login_to_lupa" time="0.0" classname="TaxPayerTestNG.positiveTest">
    <skipped/>
  </testcase> <!-- login_to_lupa -->
  <testcase name="lupa_to_login" time="0.0" classname="TaxPayerTestNG.positiveTest">
    <skipped/>
  </testcase> <!-- lupa_to_login -->
  <testcase name="rememberMe_email" time="0.0" classname="TaxPayerTestNG.positiveTest">
    <skipped/>
  </testcase> <!-- rememberMe_email -->
  <testcase name="rememberMe_pw" time="0.0" classname="TaxPayerTestNG.positiveTest">
    <skipped/>
  </testcase> <!-- rememberMe_pw -->
  <testcase name="go_to_profil" time="0.0" classname="TaxPayerTestNG.positiveTest">
    <skipped/>
  </testcase> <!-- go_to_profil -->
  <testcase name="tab_change_password" time="0.0" classname="TaxPayerTestNG.positiveTest">
    <skipped/>
  </testcase> <!-- tab_change_password -->
  <testcase name="tab_data_NPWPD" time="0.0" classname="TaxPayerTestNG.positiveTest">
    <skipped/>
  </testcase> <!-- tab_data_NPWPD -->
  <testcase name="tab_user_info" time="0.0" classname="TaxPayerTestNG.positiveTest">
    <skipped/>
  </testcase> <!-- tab_user_info -->
  <testcase name="fill_out_user_info_individu" time="0.0" classname="TaxPayerTestNG.positiveTest">
    <skipped/>
  </testcase> <!-- fill_out_user_info_individu -->
  <testcase name="fill_out_user_info_bu" time="0.0" classname="TaxPayerTestNG.positiveTest">
    <skipped/>
  </testcase> <!-- fill_out_user_info_bu -->
  <testcase name="change_pw" time="0.0" classname="TaxPayerTestNG.positiveTest">
    <skipped/>
  </testcase> <!-- change_pw -->
  <testcase name="login_new_pw" time="0.0" classname="TaxPayerTestNG.positiveTest">
    <skipped/>
  </testcase> <!-- login_new_pw -->
</testsuite> <!-- Test -->
